[29Apr2024 16:54:53.113] [main/INFO] [cpw.mods.modlauncher.Launcher/MODLAUNCHER]: ModLauncher running: args [--username, Loweredgames, --version, 1.20.1, --gameDir, C:/Users/Lorenzo Giannini/AppData/Roaming/PrismLauncher/instances/Tecnologico-Modpack/.minecraft, --assetsDir, C:/Users/Lorenzo Giannini/AppData/Roaming/PrismLauncher/assets, --assetIndex, 5, --uuid, 16d1f77e7b6f43db8def60f6f26affa1, --accessToken, ❄❄❄❄❄❄❄❄, --userType, msa, --versionType, release, --launchTarget, forgeclient, --fml.forgeVersion, 47.2.30, --fml.mcVersion, 1.20.1, --fml.forgeGroup, net.minecraftforge, --fml.mcpVersion, 20230612.114412, --width, 854, --height, 480]
[29Apr2024 16:54:53.124] [main/INFO] [cpw.mods.modlauncher.Launcher/MODLAUNCHER]: ModLauncher 10.0.9+10.0.9+main.dcd20f30 starting: java version 21.0.3 by Microsoft; OS Windows 11 arch amd64 version 10.0
[29Apr2024 16:54:55.022] [main/INFO] [net.minecraftforge.fml.loading.ImmediateWindowHandler/]: Loading ImmediateWindowProvider fmlearlywindow
[29Apr2024 16:54:55.166] [main/INFO] [EARLYDISPLAY/]: Trying GL version 4.6
[29Apr2024 16:54:55.251] [main/INFO] [EARLYDISPLAY/]: Requested GL version 4.6 got version 4.6
[29Apr2024 16:54:55.350] [main/INFO] [mixin/]: SpongePowered MIXIN Subsystem Version=0.8.5 Source=union:/C:/Users/Lorenzo%20Giannini/AppData/Roaming/PrismLauncher/libraries/org/spongepowered/mixin/0.8.5/mixin-0.8.5.jar%23115!/ Service=ModLauncher Env=CLIENT
[29Apr2024 16:54:55.904] [pool-2-thread-1/INFO] [EARLYDISPLAY/]: GL info: Intel(R) UHD Graphics 630 GL version 4.6.0 - Build 31.0.101.2115, Intel
[29Apr2024 16:54:56.639] [main/WARN] [net.minecraftforge.fml.loading.moddiscovery.ModFileParser/LOADING]: Mod file C:\Users\Lorenzo Giannini\AppData\Roaming\PrismLauncher\libraries\net\minecraftforge\fmlcore\1.20.1-47.2.30\fmlcore-1.20.1-47.2.30.jar is missing mods.toml file
[29Apr2024 16:54:56.643] [main/WARN] [net.minecraftforge.fml.loading.moddiscovery.ModFileParser/LOADING]: Mod file C:\Users\Lorenzo Giannini\AppData\Roaming\PrismLauncher\libraries\net\minecraftforge\javafmllanguage\1.20.1-47.2.30\javafmllanguage-1.20.1-47.2.30.jar is missing mods.toml file
[29Apr2024 16:54:56.646] [main/WARN] [net.minecraftforge.fml.loading.moddiscovery.ModFileParser/LOADING]: Mod file C:\Users\Lorenzo Giannini\AppData\Roaming\PrismLauncher\libraries\net\minecraftforge\lowcodelanguage\1.20.1-47.2.30\lowcodelanguage-1.20.1-47.2.30.jar is missing mods.toml file
[29Apr2024 16:54:56.649] [main/WARN] [net.minecraftforge.fml.loading.moddiscovery.ModFileParser/LOADING]: Mod file C:\Users\Lorenzo Giannini\AppData\Roaming\PrismLauncher\libraries\net\minecraftforge\mclanguage\1.20.1-47.2.30\mclanguage-1.20.1-47.2.30.jar is missing mods.toml file
[29Apr2024 16:54:57.122] [main/WARN] [net.minecraftforge.jarjar.selection.JarSelector/]: Attempted to select two dependency jars from JarJar which have the same identification: Mod File:  and Mod File: . Using Mod File: 
[29Apr2024 16:54:57.125] [main/WARN] [net.minecraftforge.jarjar.selection.JarSelector/]: Attempted to select a dependency jar for JarJar which was passed in as source: curios. Using Mod File: C:\Users\Lorenzo Giannini\AppData\Roaming\PrismLauncher\instances\Tecnologico-Modpack\.minecraft\mods\curios-forge-5.9.0+1.20.1.jar
[29Apr2024 16:54:57.125] [main/WARN] [net.minecraftforge.jarjar.selection.JarSelector/]: Attempted to select a dependency jar for JarJar which was passed in as source: cloth_config. Using Mod File: C:\Users\Lorenzo Giannini\AppData\Roaming\PrismLauncher\instances\Tecnologico-Modpack\.minecraft\mods\cloth-config-11.1.118-forge.jar
[29Apr2024 16:54:57.126] [main/INFO] [net.minecraftforge.fml.loading.moddiscovery.JarInJarDependencyLocator/]: Found 27 dependencies adding them to mods collection
[29Apr2024 16:54:57.270] [main/ERROR] [net.minecraftforge.fml.loading.LanguageLoadingProvider/LOADING]: Missing language javafml version [48,) wanted by titanium-0.1.4.jar, found 47
[29Apr2024 16:54:57.288] [main/ERROR] [net.minecraftforge.fml.loading.ModSorter/LOADING]: Missing or unsupported mandatory dependencies:
	Mod ID: 'projecte', Requested by: 'projectexpansion', Expected range: '*', Actual version: '[MISSING]'
	Mod ID: 'titanium', Requested by: 'industrialforegoingsouls', Expected range: '[3.8.20,)', Actual version: '[MISSING]'
	Mod ID: 'titanium', Requested by: 'industrialforegoing', Expected range: '[3.8.25,)', Actual version: '[MISSING]'
	Mod ID: 'titanium', Requested by: 'functionalstorage', Expected range: '[3.8.0,)', Actual version: '[MISSING]'
	Mod ID: 'novacore', Requested by: 'exnihilosequentia', Expected range: '[1.0.0,1.1.0)', Actual version: '[MISSING]'
	Mod ID: 'chipped', Requested by: 'rechiseled_chipped', Expected range: '[3.0.6,)', Actual version: '[MISSING]'
[29Apr2024 16:54:57.288] [main/ERROR] [net.minecraftforge.fml.loading.ModSorter/LOADING]: Unsupported installed optional dependencies:
	Mod ID: 'jei', Requested by: 'exnihilosequentia', Expected range: '[15.2.0.25,15.3.0.0)', Actual version: '15.3.0.4'
[29Apr2024 16:55:01.381] [main/INFO] [mixin/]: Compatibility level set to JAVA_17
[29Apr2024 16:55:01.511] [main/ERROR] [mixin/]: Mixin config creativecrafter.mixins.json does not specify "minVersion" property
[29Apr2024 16:55:01.559] [main/ERROR] [mixin/]: Mixin config betterfurnaces-common.mixins.json does not specify "minVersion" property
[29Apr2024 16:55:01.561] [main/ERROR] [mixin/]: Mixin config betterfurnaces.mixins.json does not specify "minVersion" property
[29Apr2024 16:55:01.594] [main/ERROR] [mixin/]: Mixin config factoryapi-common.mixins.json does not specify "minVersion" property
[29Apr2024 16:55:01.596] [main/ERROR] [mixin/]: Mixin config factoryapi.mixins.json does not specify "minVersion" property
[29Apr2024 16:55:01.711] [main/ERROR] [mixin/]: Mixin config yacl.mixins.json does not specify "minVersion" property
[29Apr2024 16:55:01.726] [main/INFO] [mixin/]: Successfully loaded Mixin Connector [com.sonicether.soundphysics.MixinConnector]
[29Apr2024 16:55:01.729] [main/INFO] [mixin/]: Successfully loaded Mixin Connector [lumien.chunkanimator.MixinConnector]
[29Apr2024 16:55:01.731] [main/INFO] [mixin/]: Successfully loaded Mixin Connector [com.leobeliik.extremesoundmuffler.MixinConnector]
[29Apr2024 16:55:01.737] [main/INFO] [cpw.mods.modlauncher.LaunchServiceHandler/MODLAUNCHER]: Launching target 'forgeclient' with arguments [--version, 1.20.1, --gameDir, C:\Users\Lorenzo Giannini\AppData\Roaming\PrismLauncher\instances\Tecnologico-Modpack\.minecraft, --assetsDir, C:\Users\Lorenzo Giannini\AppData\Roaming\PrismLauncher\assets, --uuid, 16d1f77e7b6f43db8def60f6f26affa1, --username, Loweredgames, --assetIndex, 5, --accessToken, ❄❄❄❄❄❄❄❄, --userType, msa, --versionType, release, --width, 854, --height, 480]
[29Apr2024 16:55:01.751] [main/WARN] [mixin/]: Reference map 'createdeco-forge-refmap.json' for createdeco.mixins.json could not be read. If this is a development environment you can ignore this message
[29Apr2024 16:55:01.765] [main/WARN] [mixin/]: Reference map 'rechiseledchipped.refmap.json' for rechiseled_chipped.mixins.json could not be read. If this is a development environment you can ignore this message
[29Apr2024 16:55:01.768] [main/WARN] [mixin/]: Reference map 'labels-common-refmap.json' for labels-common.mixins.json could not be read. If this is a development environment you can ignore this message
[29Apr2024 16:55:01.768] [main/WARN] [mixin/]: Reference map 'labels-forge-refmap.json' for labels.mixins.json could not be read. If this is a development environment you can ignore this message
[29Apr2024 16:55:01.792] [main/INFO] [Embeddium/]: Loaded configuration file for Embeddium: 43 options available, 0 override(s) found
[29Apr2024 16:55:01.794] [main/INFO] [Embeddium-GraphicsAdapterProbe/]: Searching for graphics cards...
[29Apr2024 16:55:02.254] [main/INFO] [Embeddium-GraphicsAdapterProbe/]: Found graphics card: GraphicsAdapterInfo[vendor=NVIDIA, name=NVIDIA GeForce RTX 2060, version=DriverVersion=31.0.15.5222]
[29Apr2024 16:55:02.255] [main/INFO] [Embeddium-GraphicsAdapterProbe/]: Found graphics card: GraphicsAdapterInfo[vendor=INTEL, name=Intel(R) UHD Graphics 630, version=DriverVersion=31.0.101.2115]
[29Apr2024 16:55:02.263] [main/WARN] [Embeddium-Workarounds/]: Sodium has applied one or more workarounds to prevent crashes or other issues on your system: [NVIDIA_THREADED_OPTIMIZATIONS]
[29Apr2024 16:55:02.263] [main/WARN] [Embeddium-Workarounds/]: This is not necessarily an issue, but it may result in certain features or optimizations being disabled. You can sometimes fix these issues by upgrading your graphics driver.
[29Apr2024 16:55:02.274] [main/WARN] [mixin/]: Reference map 'mysticaloaktree-common-refmap.json' for mysticaloaktree-common.mixins.json could not be read. If this is a development environment you can ignore this message
[29Apr2024 16:55:02.275] [main/WARN] [mixin/]: Reference map 'mysticaloaktree-forge-refmap.json' for mysticaloaktree.mixins.json could not be read. If this is a development environment you can ignore this message
[29Apr2024 16:55:02.316] [main/WARN] [mixin/]: Reference map 'yungsextras.refmap.json' for yungsextras.mixins.json could not be read. If this is a development environment you can ignore this message
[29Apr2024 16:55:02.317] [main/WARN] [mixin/]: Reference map 'yungsextras.refmap.json' for yungsextras_forge.mixins.json could not be read. If this is a development environment you can ignore this message
[29Apr2024 16:55:02.325] [main/WARN] [mixin/]: Reference map 'nitrogen_internals.refmap.json' for nitrogen_internals.mixins.json could not be read. If this is a development environment you can ignore this message
[29Apr2024 16:55:02.470] [main/WARN] [mixin/]: Reference map 'refmap.creativecrafter.json' for creativecrafter.mixins.json could not be read. If this is a development environment you can ignore this message
[29Apr2024 16:55:02.496] [main/INFO] [Embeddium Extra/]: Loaded configuration file for Sodium Extra: 35 options available, 0 override(s) found
[29Apr2024 16:55:02.576] [main/WARN] [mixin/]: Reference map 'thaumon-common-refmap.json' for thaumon-common.mixins.json could not be read. If this is a development environment you can ignore this message
[29Apr2024 16:55:02.577] [main/WARN] [mixin/]: Reference map 'thaumon-forge-refmap.json' for thaumon-forge.mixins.json could not be read. If this is a development environment you can ignore this message
[29Apr2024 16:55:02.593] [main/WARN] [mixin/]: Reference map 'BetterFurnaces-forge-refmap.json' for betterfurnaces.mixins.json could not be read. If this is a development environment you can ignore this message
[29Apr2024 16:55:02.607] [main/WARN] [mixin/]: Reference map 'trashslot.refmap.json' for trashslot.mixins.json could not be read. If this is a development environment you can ignore this message
[29Apr2024 16:55:02.624] [main/WARN] [mixin/]: Reference map 'FactoryAPI-common-refmap.json' for factoryapi-common.mixins.json could not be read. If this is a development environment you can ignore this message
[29Apr2024 16:55:02.638] [main/WARN] [mixin/]: Reference map 'modonomicon.refmap.json' for modonomicon.mixins.json could not be read. If this is a development environment you can ignore this message
[29Apr2024 16:55:02.639] [main/WARN] [mixin/]: Reference map 'modonomicon.refmap.json' for modonomicon.forge.mixins.json could not be read. If this is a development environment you can ignore this message
[29Apr2024 16:55:02.640] [main/WARN] [mixin/]: Reference map 'coroutil.refmap.json' for coroutil.mixins.json could not be read. If this is a development environment you can ignore this message
[29Apr2024 16:55:03.124] [main/WARN] [mixin/]: Error loading class: dev/latvian/mods/kubejs/recipe/RecipesEventJS (java.lang.ClassNotFoundException: dev.latvian.mods.kubejs.recipe.RecipesEventJS)
[29Apr2024 16:55:03.124] [main/WARN] [mixin/]: @Mixin target dev.latvian.mods.kubejs.recipe.RecipesEventJS was not found mixins.hammerlib.json:bs.kubejs.RecipeEventJSMixin
[29Apr2024 16:55:03.199] [main/WARN] [mixin/]: Error loading class: earth/terrarium/chipped/Chipped (java.lang.ClassNotFoundException: earth.terrarium.chipped.Chipped)
[29Apr2024 16:55:03.199] [main/WARN] [mixin/]: @Mixin target earth.terrarium.chipped.Chipped was not found rechiseled_chipped.mixins.json:MixinChipped
[29Apr2024 16:55:03.200] [main/WARN] [mixin/]: Error loading class: earth/terrarium/chipped/common/registry/ModBlocks (java.lang.ClassNotFoundException: earth.terrarium.chipped.common.registry.ModBlocks)
[29Apr2024 16:55:03.201] [main/WARN] [mixin/]: @Mixin target earth.terrarium.chipped.common.registry.ModBlocks was not found rechiseled_chipped.mixins.json:MixinChippedModBlocks
[29Apr2024 16:55:03.442] [main/WARN] [mixin/]: Error loading class: net/raphimc/immediatelyfast/feature/map_atlas_generation/MapAtlasTexture (java.lang.ClassNotFoundException: net.raphimc.immediatelyfast.feature.map_atlas_generation.MapAtlasTexture)
[29Apr2024 16:55:03.971] [main/WARN] [mixin/]: Error loading class: moze_intel/projecte/gameObjs/items/AlchemicalBag (java.lang.ClassNotFoundException: moze_intel.projecte.gameObjs.items.AlchemicalBag)
[29Apr2024 16:55:03.972] [main/WARN] [mixin/]: @Mixin target moze_intel.projecte.gameObjs.items.AlchemicalBag was not found projectexpansion.mixins.json:AlchemicalBagMixin
[29Apr2024 16:55:03.973] [main/WARN] [mixin/]: Error loading class: moze_intel/projecte/network/packets/to_server/KeyPressPKT (java.lang.ClassNotFoundException: moze_intel.projecte.network.packets.to_server.KeyPressPKT)
[29Apr2024 16:55:03.973] [main/WARN] [mixin/]: @Mixin target moze_intel.projecte.network.packets.to_server.KeyPressPKT was not found projectexpansion.mixins.json:AlchemicalCollectionToggleMixin
[29Apr2024 16:55:03.974] [main/WARN] [mixin/]: Error loading class: moze_intel/projecte/integration/jei/collectors/CollectorRecipeCategory (java.lang.ClassNotFoundException: moze_intel.projecte.integration.jei.collectors.CollectorRecipeCategory)
[29Apr2024 16:55:03.974] [main/WARN] [mixin/]: @Mixin target moze_intel.projecte.integration.jei.collectors.CollectorRecipeCategory was not found projectexpansion.mixins.json:CollectorRecipeCategoryMixin
[29Apr2024 16:55:03.975] [main/WARN] [mixin/]: Error loading class: moze_intel/projecte/emc/nbt/processor/EnchantmentProcessor (java.lang.ClassNotFoundException: moze_intel.projecte.emc.nbt.processor.EnchantmentProcessor)
[29Apr2024 16:55:03.976] [main/WARN] [mixin/]: @Mixin target moze_intel.projecte.emc.nbt.processor.EnchantmentProcessor was not found projectexpansion.mixins.json:EnchantmentProcessorMixin
[29Apr2024 16:55:03.977] [main/WARN] [mixin/]: Error loading class: moze_intel/projecte/gameObjs/items/PhilosophersStone (java.lang.ClassNotFoundException: moze_intel.projecte.gameObjs.items.PhilosophersStone)
[29Apr2024 16:55:03.977] [main/WARN] [mixin/]: @Mixin target moze_intel.projecte.gameObjs.items.PhilosophersStone was not found projectexpansion.mixins.json:PhilosophersStoneMixin
[29Apr2024 16:55:03.978] [main/WARN] [mixin/]: Error loading class: moze_intel/projecte/gameObjs/items/Tome (java.lang.ClassNotFoundException: moze_intel.projecte.gameObjs.items.Tome)
[29Apr2024 16:55:03.978] [main/WARN] [mixin/]: @Mixin target moze_intel.projecte.gameObjs.items.Tome was not found projectexpansion.mixins.json:TomeMixin
[29Apr2024 16:55:03.979] [main/WARN] [mixin/]: Error loading class: moze_intel/projecte/utils/ToolHelper (java.lang.ClassNotFoundException: moze_intel.projecte.utils.ToolHelper)
[29Apr2024 16:55:03.979] [main/WARN] [mixin/]: @Mixin target moze_intel.projecte.utils.ToolHelper was not found projectexpansion.mixins.json:ToolHelperMixin
[29Apr2024 16:55:03.981] [main/WARN] [mixin/]: Error loading class: moze_intel/projecte/rendering/LayerYue (java.lang.ClassNotFoundException: moze_intel.projecte.rendering.LayerYue)
[29Apr2024 16:55:03.982] [main/WARN] [mixin/]: @Mixin target moze_intel.projecte.rendering.LayerYue was not found projectexpansion.mixins.json:DeleteWeebShitMixin
[29Apr2024 16:55:03.983] [main/WARN] [mixin/]: Error loading class: moze_intel/projecte/utils/Constants (java.lang.ClassNotFoundException: moze_intel.projecte.utils.Constants)
[29Apr2024 16:55:03.983] [main/WARN] [mixin/]: @Mixin target moze_intel.projecte.utils.Constants was not found projectexpansion.mixins.json:EMCFormatterMixin
[29Apr2024 16:55:03.984] [main/WARN] [mixin/]: Error loading class: moze_intel/projecte/PECore (java.lang.ClassNotFoundException: moze_intel.projecte.PECore)
[29Apr2024 16:55:03.984] [main/WARN] [mixin/]: @Mixin target moze_intel.projecte.PECore was not found projectexpansion.mixins.json:ShutTheFuckUpMixin
[29Apr2024 16:55:04.220] [main/WARN] [IMixinConfigPlugin/]: Inventory Profiles Next: Doing our own dependency resolving! Because Forge is being Forge....: https://github.com/MinecraftForge/MinecraftForge/issues/9088
[29Apr2024 16:55:04.220] [main/INFO] [IMixinConfigPlugin/]: Inventory Profiles Next dependency resolution failed! Probably missing libIPN.
[29Apr2024 16:55:04.521] [main/WARN] [mixin/]: Error loading class: noobanidus/mods/lootr/config/ConfigManager (java.lang.ClassNotFoundException: noobanidus.mods.lootr.config.ConfigManager)
[29Apr2024 16:55:04.574] [main/INFO] [memoryleakfix/]: [MemoryLeakFix] Will be applying 3 memory leak fixes!
[29Apr2024 16:55:04.574] [main/INFO] [memoryleakfix/]: [MemoryLeakFix] Currently enabled memory leak fixes: [targetEntityLeak, biomeTemperatureLeak, hugeScreenshotLeak]
[29Apr2024 16:55:04.645] [main/ERROR] [Embeddium/]: Could not find embeddium mod, there is likely a dependency error. Skipping mixin application.
[29Apr2024 16:55:04.800] [main/WARN] [mixin/]: Error loading class: org/jetbrains/annotations/ApiStatus$Internal (java.lang.ClassNotFoundException: org.jetbrains.annotations.ApiStatus$Internal)
[29Apr2024 16:55:04.817] [main/INFO] [MixinExtras|Service/]: Initializing MixinExtras via com.llamalad7.mixinextras.service.MixinExtrasServiceImpl(version=0.3.5).
[29Apr2024 16:55:07.232] [pool-4-thread-1/WARN] [mixin/]: Error loading class: moze_intel/projecte/api/capabilities/IKnowledgeProvider (java.lang.ClassNotFoundException: moze_intel.projecte.api.capabilities.IKnowledgeProvider)
